mode: set
github.com/palantir/policy-bot/server/metrics/otel_bridge.go:34.78,35.14 1 1
github.com/palantir/policy-bot/server/metrics/otel_bridge.go:35.14,37.3 1 0
github.com/palantir/policy-bot/server/metrics/otel_bridge.go:38.2,38.21 1 1
github.com/palantir/policy-bot/server/metrics/otel_bridge.go:38.21,40.3 1 0
github.com/palantir/policy-bot/server/metrics/otel_bridge.go:42.2,46.54 2 1
github.com/palantir/policy-bot/server/metrics/otel_bridge.go:46.54,48.3 1 0
github.com/palantir/policy-bot/server/metrics/otel_bridge.go:50.2,50.63 1 1
github.com/palantir/policy-bot/server/metrics/otel_bridge.go:50.63,52.3 1 0
github.com/palantir/policy-bot/server/metrics/otel_bridge.go:54.2,54.63 1 1
github.com/palantir/policy-bot/server/metrics/otel_bridge.go:54.63,56.3 1 0
github.com/palantir/policy-bot/server/metrics/otel_bridge.go:58.2,58.65 1 1
github.com/palantir/policy-bot/server/metrics/otel_bridge.go:58.65,60.3 1 0
github.com/palantir/policy-bot/server/metrics/otel_bridge.go:62.2,62.15 1 1
github.com/palantir/policy-bot/server/metrics/otel_bridge.go:66.54,73.45 6 1
github.com/palantir/policy-bot/server/metrics/otel_bridge.go:73.45,75.3 1 1
github.com/palantir/policy-bot/server/metrics/otel_bridge.go:76.2,76.12 1 1
github.com/palantir/policy-bot/server/metrics/otel_bridge.go:79.65,85.16 2 1
github.com/palantir/policy-bot/server/metrics/otel_bridge.go:85.16,87.3 1 0
github.com/palantir/policy-bot/server/metrics/otel_bridge.go:89.2,94.16 2 1
github.com/palantir/policy-bot/server/metrics/otel_bridge.go:94.16,96.3 1 0
github.com/palantir/policy-bot/server/metrics/otel_bridge.go:98.2,103.16 2 1
github.com/palantir/policy-bot/server/metrics/otel_bridge.go:103.16,105.3 1 0
github.com/palantir/policy-bot/server/metrics/otel_bridge.go:107.2,112.16 2 1
github.com/palantir/policy-bot/server/metrics/otel_bridge.go:112.16,114.3 1 0
github.com/palantir/policy-bot/server/metrics/otel_bridge.go:116.2,121.16 2 1
github.com/palantir/policy-bot/server/metrics/otel_bridge.go:121.16,123.3 1 0
github.com/palantir/policy-bot/server/metrics/otel_bridge.go:125.2,130.16 2 1
github.com/palantir/policy-bot/server/metrics/otel_bridge.go:130.16,132.3 1 0
github.com/palantir/policy-bot/server/metrics/otel_bridge.go:134.2,139.16 2 1
github.com/palantir/policy-bot/server/metrics/otel_bridge.go:139.16,141.3 1 0
github.com/palantir/policy-bot/server/metrics/otel_bridge.go:143.2,143.72 1 1
github.com/palantir/policy-bot/server/metrics/otel_bridge.go:143.72,144.101 1 1
github.com/palantir/policy-bot/server/metrics/otel_bridge.go:144.101,146.4 1 1
github.com/palantir/policy-bot/server/metrics/otel_bridge.go:148.3,148.95 1 1
github.com/palantir/policy-bot/server/metrics/otel_bridge.go:148.95,150.4 1 1
github.com/palantir/policy-bot/server/metrics/otel_bridge.go:152.3,152.99 1 1
github.com/palantir/policy-bot/server/metrics/otel_bridge.go:152.99,154.4 1 1
github.com/palantir/policy-bot/server/metrics/otel_bridge.go:156.3,156.100 1 1
github.com/palantir/policy-bot/server/metrics/otel_bridge.go:156.100,160.17 3 1
github.com/palantir/policy-bot/server/metrics/otel_bridge.go:160.17,166.30 5 1
github.com/palantir/policy-bot/server/metrics/otel_bridge.go:166.30,168.6 1 1
github.com/palantir/policy-bot/server/metrics/otel_bridge.go:171.4,171.42 1 1
github.com/palantir/policy-bot/server/metrics/otel_bridge.go:174.3,174.13 1 1
github.com/palantir/policy-bot/server/metrics/otel_bridge.go:177.2,187.16 2 1
github.com/palantir/policy-bot/server/metrics/otel_bridge.go:187.16,189.3 1 0
github.com/palantir/policy-bot/server/metrics/otel_bridge.go:190.2,192.12 2 1
github.com/palantir/policy-bot/server/metrics/otel_bridge.go:195.74,216.16 3 1
github.com/palantir/policy-bot/server/metrics/otel_bridge.go:216.16,218.3 1 0
github.com/palantir/policy-bot/server/metrics/otel_bridge.go:220.2,225.16 2 1
github.com/palantir/policy-bot/server/metrics/otel_bridge.go:225.16,227.3 1 0
github.com/palantir/policy-bot/server/metrics/otel_bridge.go:229.2,234.16 2 1
github.com/palantir/policy-bot/server/metrics/otel_bridge.go:234.16,236.3 1 0
github.com/palantir/policy-bot/server/metrics/otel_bridge.go:238.2,243.16 2 1
github.com/palantir/policy-bot/server/metrics/otel_bridge.go:243.16,245.3 1 0
github.com/palantir/policy-bot/server/metrics/otel_bridge.go:247.2,252.16 2 1
github.com/palantir/policy-bot/server/metrics/otel_bridge.go:252.16,254.3 1 0
github.com/palantir/policy-bot/server/metrics/otel_bridge.go:256.2,261.16 2 1
github.com/palantir/policy-bot/server/metrics/otel_bridge.go:261.16,263.3 1 0
github.com/palantir/policy-bot/server/metrics/otel_bridge.go:265.2,270.16 2 1
github.com/palantir/policy-bot/server/metrics/otel_bridge.go:270.16,272.3 1 0
github.com/palantir/policy-bot/server/metrics/otel_bridge.go:274.2,279.16 2 1
github.com/palantir/policy-bot/server/metrics/otel_bridge.go:279.16,281.3 1 0
github.com/palantir/policy-bot/server/metrics/otel_bridge.go:283.2,288.16 2 1
github.com/palantir/policy-bot/server/metrics/otel_bridge.go:288.16,290.3 1 0
github.com/palantir/policy-bot/server/metrics/otel_bridge.go:292.2,297.16 2 1
github.com/palantir/policy-bot/server/metrics/otel_bridge.go:297.16,299.3 1 0
github.com/palantir/policy-bot/server/metrics/otel_bridge.go:301.2,306.16 2 1
github.com/palantir/policy-bot/server/metrics/otel_bridge.go:306.16,308.3 1 0
github.com/palantir/policy-bot/server/metrics/otel_bridge.go:310.2,310.72 1 1
github.com/palantir/policy-bot/server/metrics/otel_bridge.go:310.72,311.103 1 1
github.com/palantir/policy-bot/server/metrics/otel_bridge.go:311.103,313.4 1 1
github.com/palantir/policy-bot/server/metrics/otel_bridge.go:315.3,315.103 1 1
github.com/palantir/policy-bot/server/metrics/otel_bridge.go:315.103,317.4 1 1
github.com/palantir/policy-bot/server/metrics/otel_bridge.go:319.3,319.105 1 1
github.com/palantir/policy-bot/server/metrics/otel_bridge.go:319.105,321.4 1 1
github.com/palantir/policy-bot/server/metrics/otel_bridge.go:323.3,323.105 1 1
github.com/palantir/policy-bot/server/metrics/otel_bridge.go:323.105,325.4 1 1
github.com/palantir/policy-bot/server/metrics/otel_bridge.go:327.3,327.108 1 1
github.com/palantir/policy-bot/server/metrics/otel_bridge.go:327.108,329.4 1 0
github.com/palantir/policy-bot/server/metrics/otel_bridge.go:331.3,331.110 1 1
github.com/palantir/policy-bot/server/metrics/otel_bridge.go:331.110,333.4 1 0
github.com/palantir/policy-bot/server/metrics/otel_bridge.go:335.3,335.110 1 1
github.com/palantir/policy-bot/server/metrics/otel_bridge.go:335.110,337.4 1 0
github.com/palantir/policy-bot/server/metrics/otel_bridge.go:339.3,339.112 1 1
github.com/palantir/policy-bot/server/metrics/otel_bridge.go:339.112,341.4 1 0
github.com/palantir/policy-bot/server/metrics/otel_bridge.go:343.3,343.98 1 1
github.com/palantir/policy-bot/server/metrics/otel_bridge.go:343.98,345.4 1 0
github.com/palantir/policy-bot/server/metrics/otel_bridge.go:347.3,347.98 1 1
github.com/palantir/policy-bot/server/metrics/otel_bridge.go:347.98,349.4 1 0
github.com/palantir/policy-bot/server/metrics/otel_bridge.go:351.3,351.93 1 1
github.com/palantir/policy-bot/server/metrics/otel_bridge.go:351.93,353.4 1 0
github.com/palantir/policy-bot/server/metrics/otel_bridge.go:355.3,355.13 1 1
github.com/palantir/policy-bot/server/metrics/otel_bridge.go:358.2,372.16 2 1
github.com/palantir/policy-bot/server/metrics/otel_bridge.go:372.16,374.3 1 0
github.com/palantir/policy-bot/server/metrics/otel_bridge.go:375.2,377.12 2 1
github.com/palantir/policy-bot/server/metrics/otel_bridge.go:380.74,394.16 3 1
github.com/palantir/policy-bot/server/metrics/otel_bridge.go:394.16,396.3 1 0
github.com/palantir/policy-bot/server/metrics/otel_bridge.go:398.2,403.16 2 1
github.com/palantir/policy-bot/server/metrics/otel_bridge.go:403.16,405.3 1 0
github.com/palantir/policy-bot/server/metrics/otel_bridge.go:407.2,412.16 2 1
github.com/palantir/policy-bot/server/metrics/otel_bridge.go:412.16,414.3 1 0
github.com/palantir/policy-bot/server/metrics/otel_bridge.go:416.2,421.16 2 1
github.com/palantir/policy-bot/server/metrics/otel_bridge.go:421.16,423.3 1 0
github.com/palantir/policy-bot/server/metrics/otel_bridge.go:425.2,425.72 1 1
github.com/palantir/policy-bot/server/metrics/otel_bridge.go:425.72,426.98 1 1
github.com/palantir/policy-bot/server/metrics/otel_bridge.go:426.98,428.4 1 0
github.com/palantir/policy-bot/server/metrics/otel_bridge.go:430.3,430.96 1 1
github.com/palantir/policy-bot/server/metrics/otel_bridge.go:430.96,432.4 1 0
github.com/palantir/policy-bot/server/metrics/otel_bridge.go:434.3,434.101 1 1
github.com/palantir/policy-bot/server/metrics/otel_bridge.go:434.101,436.4 1 0
github.com/palantir/policy-bot/server/metrics/otel_bridge.go:438.3,438.101 1 1
github.com/palantir/policy-bot/server/metrics/otel_bridge.go:438.101,440.4 1 0
github.com/palantir/policy-bot/server/metrics/otel_bridge.go:442.3,442.13 1 1
github.com/palantir/policy-bot/server/metrics/otel_bridge.go:445.2,452.16 2 1
github.com/palantir/policy-bot/server/metrics/otel_bridge.go:452.16,454.3 1 0
github.com/palantir/policy-bot/server/metrics/otel_bridge.go:455.2,457.12 2 1
github.com/palantir/policy-bot/server/metrics/otel_bridge.go:460.76,476.16 3 1
github.com/palantir/policy-bot/server/metrics/otel_bridge.go:476.16,478.3 1 0
github.com/palantir/policy-bot/server/metrics/otel_bridge.go:480.2,485.16 2 1
github.com/palantir/policy-bot/server/metrics/otel_bridge.go:485.16,487.3 1 0
github.com/palantir/policy-bot/server/metrics/otel_bridge.go:489.2,494.16 2 1
github.com/palantir/policy-bot/server/metrics/otel_bridge.go:494.16,496.3 1 0
github.com/palantir/policy-bot/server/metrics/otel_bridge.go:498.2,503.16 2 1
github.com/palantir/policy-bot/server/metrics/otel_bridge.go:503.16,505.3 1 0
github.com/palantir/policy-bot/server/metrics/otel_bridge.go:507.2,512.16 2 1
github.com/palantir/policy-bot/server/metrics/otel_bridge.go:512.16,514.3 1 0
github.com/palantir/policy-bot/server/metrics/otel_bridge.go:516.2,521.16 2 1
github.com/palantir/policy-bot/server/metrics/otel_bridge.go:521.16,523.3 1 0
github.com/palantir/policy-bot/server/metrics/otel_bridge.go:525.2,525.72 1 1
github.com/palantir/policy-bot/server/metrics/otel_bridge.go:525.72,526.95 1 1
github.com/palantir/policy-bot/server/metrics/otel_bridge.go:526.95,528.4 1 0
github.com/palantir/policy-bot/server/metrics/otel_bridge.go:530.3,530.97 1 1
github.com/palantir/policy-bot/server/metrics/otel_bridge.go:530.97,532.4 1 0
github.com/palantir/policy-bot/server/metrics/otel_bridge.go:534.3,534.94 1 1
github.com/palantir/policy-bot/server/metrics/otel_bridge.go:534.94,536.4 1 0
github.com/palantir/policy-bot/server/metrics/otel_bridge.go:538.3,538.91 1 1
github.com/palantir/policy-bot/server/metrics/otel_bridge.go:538.91,540.4 1 0
github.com/palantir/policy-bot/server/metrics/otel_bridge.go:542.3,542.95 1 1
github.com/palantir/policy-bot/server/metrics/otel_bridge.go:542.95,544.4 1 0
github.com/palantir/policy-bot/server/metrics/otel_bridge.go:546.3,546.95 1 1
github.com/palantir/policy-bot/server/metrics/otel_bridge.go:546.95,548.4 1 0
github.com/palantir/policy-bot/server/metrics/otel_bridge.go:550.3,550.13 1 1
github.com/palantir/policy-bot/server/metrics/otel_bridge.go:553.2,562.16 2 1
github.com/palantir/policy-bot/server/metrics/otel_bridge.go:562.16,564.3 1 0
github.com/palantir/policy-bot/server/metrics/otel_bridge.go:565.2,567.12 2 1
github.com/palantir/policy-bot/server/metrics/otel_bridge.go:570.75,572.21 2 1
github.com/palantir/policy-bot/server/metrics/otel_bridge.go:572.21,574.3 1 0
github.com/palantir/policy-bot/server/metrics/otel_bridge.go:576.2,577.32 2 1
github.com/palantir/policy-bot/server/metrics/otel_bridge.go:577.32,579.3 1 1
github.com/palantir/policy-bot/server/metrics/otel_bridge.go:580.2,580.20 1 1
github.com/palantir/policy-bot/server/handler/base.go:63.32,65.35 1 1
github.com/palantir/policy-bot/server/handler/base.go:65.35,67.3 1 1
github.com/palantir/policy-bot/server/handler/base.go:69.2,69.20 1 1
github.com/palantir/policy-bot/server/handler/base.go:69.20,71.3 1 1
github.com/palantir/policy-bot/server/handler/base.go:73.2,73.38 1 1
github.com/palantir/policy-bot/server/handler/base.go:73.38,75.3 1 1
github.com/palantir/policy-bot/server/handler/base.go:80.2,80.38 1 1
github.com/palantir/policy-bot/server/handler/base.go:80.38,82.3 1 1
github.com/palantir/policy-bot/server/handler/base.go:87.2,87.37 1 1
github.com/palantir/policy-bot/server/handler/base.go:87.37,93.3 1 1
github.com/palantir/policy-bot/server/handler/base.go:99.65,100.30 1 1
github.com/palantir/policy-bot/server/handler/base.go:100.30,101.66 1 1
github.com/palantir/policy-bot/server/handler/base.go:101.66,102.54 1 1
github.com/palantir/policy-bot/server/handler/base.go:102.54,104.5 1 1
github.com/palantir/policy-bot/server/handler/base.go:105.9,108.4 1 1
github.com/palantir/policy-bot/server/handler/base.go:119.83,124.14 3 1
github.com/palantir/policy-bot/server/handler/base.go:124.14,125.17 1 1
github.com/palantir/policy-bot/server/handler/base.go:126.27,130.15 2 1
github.com/palantir/policy-bot/server/handler/base.go:131.29,135.16 2 0
github.com/palantir/policy-bot/server/handler/base.go:140.2,145.16 3 1
github.com/palantir/policy-bot/server/handler/base.go:145.16,150.3 2 1
github.com/palantir/policy-bot/server/handler/base.go:152.2,154.16 3 0
github.com/palantir/policy-bot/server/handler/base.go:154.16,156.84 1 0
github.com/palantir/policy-bot/server/handler/base.go:156.84,164.4 3 0
github.com/palantir/policy-bot/server/handler/base.go:166.3,169.15 2 0
github.com/palantir/policy-bot/server/handler/base.go:173.2,184.13 6 0
github.com/palantir/policy-bot/server/handler/base.go:188.119,192.2 3 0
github.com/palantir/policy-bot/server/handler/base.go:194.134,201.2 4 0
github.com/palantir/policy-bot/server/handler/base.go:203.114,208.48 2 1
github.com/palantir/policy-bot/server/handler/base.go:208.48,210.3 1 1
github.com/palantir/policy-bot/server/handler/base.go:214.2,215.16 2 1
github.com/palantir/policy-bot/server/handler/base.go:215.16,217.3 1 1
github.com/palantir/policy-bot/server/handler/base.go:219.2,221.16 3 0
github.com/palantir/policy-bot/server/handler/base.go:221.16,223.3 1 0
github.com/palantir/policy-bot/server/handler/base.go:225.2,240.8 5 0
github.com/palantir/policy-bot/server/handler/base.go:243.116,245.16 2 0
github.com/palantir/policy-bot/server/handler/base.go:245.16,247.3 1 0
github.com/palantir/policy-bot/server/handler/base.go:248.2,248.39 1 0
github.com/palantir/policy-bot/server/handler/check_run.go:32.39,32.71 1 0
github.com/palantir/policy-bot/server/handler/check_run.go:34.100,36.56 2 0
github.com/palantir/policy-bot/server/handler/check_run.go:36.56,38.3 1 0
github.com/palantir/policy-bot/server/handler/check_run.go:40.2,40.90 1 0
github.com/palantir/policy-bot/server/handler/check_run.go:40.90,42.3 1 0
github.com/palantir/policy-bot/server/handler/check_run.go:44.2,56.54 10 0
github.com/palantir/policy-bot/server/handler/check_run.go:56.54,69.35 2 0
github.com/palantir/policy-bot/server/handler/check_run.go:69.35,71.12 2 0
github.com/palantir/policy-bot/server/handler/check_run.go:74.3,79.18 1 0
github.com/palantir/policy-bot/server/handler/check_run.go:79.18,82.4 2 0
github.com/palantir/policy-bot/server/handler/check_run.go:84.2,84.29 1 0
github.com/palantir/policy-bot/server/handler/check_run.go:84.29,86.3 1 0
github.com/palantir/policy-bot/server/handler/check_run.go:87.2,87.81 1 0
github.com/palantir/policy-bot/server/handler/cross_org.go:36.207,46.2 3 0
github.com/palantir/policy-bot/server/handler/cross_org.go:48.95,50.9 2 0
github.com/palantir/policy-bot/server/handler/cross_org.go:50.9,52.17 2 0
github.com/palantir/policy-bot/server/handler/cross_org.go:52.17,54.4 1 0
github.com/palantir/policy-bot/server/handler/cross_org.go:56.3,57.17 2 0
github.com/palantir/policy-bot/server/handler/cross_org.go:57.17,59.4 1 0
github.com/palantir/policy-bot/server/handler/cross_org.go:61.3,62.17 2 0
github.com/palantir/policy-bot/server/handler/cross_org.go:62.17,64.4 1 0
github.com/palantir/policy-bot/server/handler/cross_org.go:66.3,67.27 2 0
github.com/palantir/policy-bot/server/handler/cross_org.go:70.2,70.20 1 0
github.com/palantir/policy-bot/server/handler/cross_org.go:73.83,76.16 3 0
github.com/palantir/policy-bot/server/handler/cross_org.go:76.16,78.3 1 0
github.com/palantir/policy-bot/server/handler/cross_org.go:79.2,79.40 1 0
github.com/palantir/policy-bot/server/handler/cross_org.go:82.81,84.16 2 0
github.com/palantir/policy-bot/server/handler/cross_org.go:84.16,86.3 1 0
github.com/palantir/policy-bot/server/handler/cross_org.go:87.2,87.38 1 0
github.com/palantir/policy-bot/server/handler/cross_org.go:90.87,92.16 2 0
github.com/palantir/policy-bot/server/handler/cross_org.go:92.16,94.3 1 0
github.com/palantir/policy-bot/server/handler/cross_org.go:95.2,95.40 1 0
github.com/palantir/policy-bot/server/handler/cross_org.go:98.80,101.16 3 0
github.com/palantir/policy-bot/server/handler/cross_org.go:101.16,103.3 1 0
github.com/palantir/policy-bot/server/handler/cross_org.go:104.2,104.33 1 0
github.com/palantir/policy-bot/server/handler/details.go:56.75,58.18 2 0
github.com/palantir/policy-bot/server/handler/details.go:58.18,60.3 1 0
github.com/palantir/policy-bot/server/handler/details.go:62.2,86.16 10 0
github.com/palantir/policy-bot/server/handler/details.go:86.16,89.3 2 0
github.com/palantir/policy-bot/server/handler/details.go:90.2,90.22 1 0
github.com/palantir/policy-bot/server/handler/details.go:90.22,93.3 2 0
github.com/palantir/policy-bot/server/handler/details.go:95.2,98.16 3 0
github.com/palantir/policy-bot/server/handler/details.go:98.16,99.60 1 0
github.com/palantir/policy-bot/server/handler/details.go:99.60,101.4 1 0
github.com/palantir/policy-bot/server/handler/details.go:102.3,102.19 1 0
github.com/palantir/policy-bot/server/handler/details.go:110.2,110.26 1 0
github.com/palantir/policy-bot/server/handler/details.go:119.91,123.9 3 0
github.com/palantir/policy-bot/server/handler/details.go:123.9,126.3 2 0
github.com/palantir/policy-bot/server/handler/details.go:128.2,129.16 2 0
github.com/palantir/policy-bot/server/handler/details.go:129.16,130.68 1 0
github.com/palantir/policy-bot/server/handler/details.go:130.68,132.4 1 0
github.com/palantir/policy-bot/server/handler/details.go:132.9,134.4 1 0
github.com/palantir/policy-bot/server/handler/details.go:135.3,135.13 1 0
github.com/palantir/policy-bot/server/handler/details.go:138.2,139.16 2 0
github.com/palantir/policy-bot/server/handler/details.go:139.16,142.3 2 0
github.com/palantir/policy-bot/server/handler/details.go:144.2,145.16 2 0
github.com/palantir/policy-bot/server/handler/details.go:145.16,148.3 2 0
github.com/palantir/policy-bot/server/handler/details.go:149.2,149.20 1 0
github.com/palantir/policy-bot/server/handler/details.go:149.20,152.3 2 0
github.com/palantir/policy-bot/server/handler/details.go:154.2,155.16 2 0
github.com/palantir/policy-bot/server/handler/details.go:155.16,156.22 1 0
github.com/palantir/policy-bot/server/handler/details.go:156.22,158.4 1 0
github.com/palantir/policy-bot/server/handler/details.go:158.9,160.4 1 0
github.com/palantir/policy-bot/server/handler/details.go:161.3,161.13 1 0
github.com/palantir/policy-bot/server/handler/details.go:164.2,171.16 3 0
github.com/palantir/policy-bot/server/handler/details.go:171.16,174.3 2 0
github.com/palantir/policy-bot/server/handler/details.go:176.2,182.3 1 0
github.com/palantir/policy-bot/server/handler/details.go:185.73,189.2 3 0
github.com/palantir/policy-bot/server/handler/details.go:191.84,197.2 2 0
github.com/palantir/policy-bot/server/handler/details.go:199.72,201.39 2 0
github.com/palantir/policy-bot/server/handler/details.go:201.39,203.25 2 0
github.com/palantir/policy-bot/server/handler/details.go:203.25,205.4 1 0
github.com/palantir/policy-bot/server/handler/details.go:206.3,207.20 2 0
github.com/palantir/policy-bot/server/handler/details.go:209.2,209.13 1 0
github.com/palantir/policy-bot/server/handler/details.go:212.43,213.44 1 0
github.com/palantir/policy-bot/server/handler/details.go:213.44,215.3 1 0
github.com/palantir/policy-bot/server/handler/details.go:216.2,216.11 1 0
github.com/palantir/policy-bot/server/handler/details.go:219.33,222.2 2 0
github.com/palantir/policy-bot/server/handler/details.go:226.81,230.64 3 0
github.com/palantir/policy-bot/server/handler/details.go:230.64,232.3 1 0
github.com/palantir/policy-bot/server/handler/details.go:233.2,233.30 1 0
github.com/palantir/policy-bot/server/handler/details.go:236.132,238.16 2 0
github.com/palantir/policy-bot/server/handler/details.go:238.16,240.3 1 0
github.com/palantir/policy-bot/server/handler/details.go:242.2,243.16 2 0
github.com/palantir/policy-bot/server/handler/details.go:243.16,244.22 1 0
github.com/palantir/policy-bot/server/handler/details.go:244.22,246.4 1 0
github.com/palantir/policy-bot/server/handler/details.go:247.3,247.76 1 0
github.com/palantir/policy-bot/server/handler/details.go:249.2,249.55 1 0
github.com/palantir/policy-bot/server/handler/details_reviewers.go:36.84,37.41 1 0
github.com/palantir/policy-bot/server/handler/details_reviewers.go:37.41,39.3 1 0
github.com/palantir/policy-bot/server/handler/details_reviewers.go:41.2,42.18 2 0
github.com/palantir/policy-bot/server/handler/details_reviewers.go:42.18,44.3 1 0
github.com/palantir/policy-bot/server/handler/details_reviewers.go:46.2,51.9 5 0
github.com/palantir/policy-bot/server/handler/details_reviewers.go:52.31,54.73 2 0
github.com/palantir/policy-bot/server/handler/details_reviewers.go:56.28,61.38 1 0
github.com/palantir/policy-bot/server/handler/details_reviewers.go:64.2,67.72 3 0
github.com/palantir/policy-bot/server/handler/details_reviewers.go:67.72,71.3 1 0
github.com/palantir/policy-bot/server/handler/details_reviewers.go:73.2,80.52 4 0
github.com/palantir/policy-bot/server/handler/details_reviewers.go:80.52,82.17 2 0
github.com/palantir/policy-bot/server/handler/details_reviewers.go:82.17,85.4 2 0
github.com/palantir/policy-bot/server/handler/details_reviewers.go:85.9,87.4 1 0
github.com/palantir/policy-bot/server/handler/details_reviewers.go:91.2,91.45 1 0
github.com/palantir/policy-bot/server/handler/details_reviewers.go:91.45,93.17 2 0
github.com/palantir/policy-bot/server/handler/details_reviewers.go:93.17,96.4 2 0
github.com/palantir/policy-bot/server/handler/details_reviewers.go:96.9,98.4 1 0
github.com/palantir/policy-bot/server/handler/details_reviewers.go:102.2,103.20 2 0
github.com/palantir/policy-bot/server/handler/details_reviewers.go:103.20,105.17 2 0
github.com/palantir/policy-bot/server/handler/details_reviewers.go:105.17,108.4 2 0
github.com/palantir/policy-bot/server/handler/details_reviewers.go:108.9,109.43 1 0
github.com/palantir/policy-bot/server/handler/details_reviewers.go:109.43,110.47 1 0
github.com/palantir/policy-bot/server/handler/details_reviewers.go:110.47,112.6 1 0
github.com/palantir/policy-bot/server/handler/details_reviewers.go:118.2,124.4 3 0
github.com/palantir/policy-bot/server/handler/details_reviewers.go:127.95,129.2 1 0
github.com/palantir/policy-bot/server/handler/details_reviewers.go:131.117,133.9 2 0
github.com/palantir/policy-bot/server/handler/details_reviewers.go:133.9,135.3 1 0
github.com/palantir/policy-bot/server/handler/details_reviewers.go:137.2,140.42 3 0
github.com/palantir/policy-bot/server/handler/details_reviewers.go:140.42,142.3 1 0
github.com/palantir/policy-bot/server/handler/details_reviewers.go:143.2,143.30 1 0
github.com/palantir/policy-bot/server/handler/details_reviewers.go:146.87,147.37 1 0
github.com/palantir/policy-bot/server/handler/details_reviewers.go:147.37,148.56 1 0
github.com/palantir/policy-bot/server/handler/details_reviewers.go:148.56,150.4 1 0
github.com/palantir/policy-bot/server/handler/details_reviewers.go:152.2,152.14 1 0
github.com/palantir/policy-bot/server/handler/details_reviewers.go:155.82,156.44 1 0
github.com/palantir/policy-bot/server/handler/details_reviewers.go:156.44,157.28 1 0
github.com/palantir/policy-bot/server/handler/details_reviewers.go:157.28,159.4 1 0
github.com/palantir/policy-bot/server/handler/details_reviewers.go:161.2,161.12 1 0
github.com/palantir/policy-bot/server/handler/eval_context.go:53.84,55.16 2 0
github.com/palantir/policy-bot/server/handler/eval_context.go:55.16,57.3 1 0
github.com/palantir/policy-bot/server/handler/eval_context.go:58.2,58.22 1 0
github.com/palantir/policy-bot/server/handler/eval_context.go:58.22,60.3 1 0
github.com/palantir/policy-bot/server/handler/eval_context.go:62.2,63.16 2 0
github.com/palantir/policy-bot/server/handler/eval_context.go:63.16,65.3 1 0
github.com/palantir/policy-bot/server/handler/eval_context.go:67.2,68.12 2 0
github.com/palantir/policy-bot/server/handler/eval_context.go:74.107,78.9 3 0
github.com/palantir/policy-bot/server/handler/eval_context.go:79.27,84.94 4 0
github.com/palantir/policy-bot/server/handler/eval_context.go:86.28,91.96 4 0
github.com/palantir/policy-bot/server/handler/eval_context.go:93.24,95.18 2 0
github.com/palantir/policy-bot/server/handler/eval_context.go:98.2,103.16 3 0
github.com/palantir/policy-bot/server/handler/eval_context.go:103.16,109.3 4 0
github.com/palantir/policy-bot/server/handler/eval_context.go:111.2,112.37 2 0
github.com/palantir/policy-bot/server/handler/eval_context.go:112.37,118.3 2 0
github.com/palantir/policy-bot/server/handler/eval_context.go:120.2,120.23 1 0
github.com/palantir/policy-bot/server/handler/eval_context.go:126.111,130.25 3 0
github.com/palantir/policy-bot/server/handler/eval_context.go:130.25,136.3 4 0
github.com/palantir/policy-bot/server/handler/eval_context.go:138.2,141.23 3 0
github.com/palantir/policy-bot/server/handler/eval_context.go:142.29,143.26 1 0
github.com/palantir/policy-bot/server/handler/eval_context.go:144.32,145.26 1 0
github.com/palantir/policy-bot/server/handler/eval_context.go:146.28,147.26 1 0
github.com/palantir/policy-bot/server/handler/eval_context.go:148.28,150.78 2 0
github.com/palantir/policy-bot/server/handler/eval_context.go:151.10,153.21 2 0
github.com/palantir/policy-bot/server/handler/eval_context.go:156.2,157.20 2 0
github.com/palantir/policy-bot/server/handler/eval_context.go:166.114,169.73 2 0
github.com/palantir/policy-bot/server/handler/eval_context.go:169.73,171.3 1 0
github.com/palantir/policy-bot/server/handler/eval_context.go:173.2,173.69 1 0
github.com/palantir/policy-bot/server/handler/eval_context.go:173.69,175.3 1 0
github.com/palantir/policy-bot/server/handler/eval_context.go:179.79,197.23 9 0
github.com/palantir/policy-bot/server/handler/eval_context.go:197.23,200.3 2 0
github.com/palantir/policy-bot/server/handler/eval_context.go:202.2,202.30 1 0
github.com/palantir/policy-bot/server/handler/eval_context.go:202.30,205.3 2 0
github.com/palantir/policy-bot/server/handler/eval_context.go:207.2,207.78 1 0
github.com/palantir/policy-bot/server/handler/eval_context.go:207.78,209.3 1 0
github.com/palantir/policy-bot/server/handler/eval_context.go:210.2,210.41 1 0
github.com/palantir/policy-bot/server/handler/eval_context.go:210.41,212.79 2 0
github.com/palantir/policy-bot/server/handler/eval_context.go:212.79,214.4 1 0
github.com/palantir/policy-bot/server/handler/eval_context_dismissal.go:26.102,32.47 4 0
github.com/palantir/policy-bot/server/handler/eval_context_dismissal.go:32.47,34.49 1 0
github.com/palantir/policy-bot/server/handler/eval_context_dismissal.go:34.49,35.12 1 0
github.com/palantir/policy-bot/server/handler/eval_context_dismissal.go:37.3,37.40 1 0
github.com/palantir/policy-bot/server/handler/eval_context_dismissal.go:37.40,39.35 1 0
github.com/palantir/policy-bot/server/handler/eval_context_dismissal.go:39.35,40.13 1 0
github.com/palantir/policy-bot/server/handler/eval_context_dismissal.go:44.3,44.45 1 0
github.com/palantir/policy-bot/server/handler/eval_context_dismissal.go:44.45,45.12 1 0
github.com/palantir/policy-bot/server/handler/eval_context_dismissal.go:48.3,49.100 2 0
github.com/palantir/policy-bot/server/handler/eval_context_dismissal.go:49.100,51.4 1 0
github.com/palantir/policy-bot/server/handler/eval_context_dismissal.go:52.3,52.48 1 0
github.com/palantir/policy-bot/server/handler/eval_context_dismissal.go:55.2,55.12 1 0
github.com/palantir/policy-bot/server/handler/eval_context_dismissal.go:58.67,61.54 2 0
github.com/palantir/policy-bot/server/handler/eval_context_dismissal.go:61.54,63.3 1 0
github.com/palantir/policy-bot/server/handler/eval_context_dismissal.go:64.2,64.36 1 0
github.com/palantir/policy-bot/server/handler/eval_context_dismissal.go:64.36,66.3 1 0
github.com/palantir/policy-bot/server/handler/eval_context_dismissal.go:68.2,68.19 1 0
github.com/palantir/policy-bot/server/handler/eval_context_dismissal.go:71.62,74.54 2 0
github.com/palantir/policy-bot/server/handler/eval_context_dismissal.go:74.54,75.47 1 0
github.com/palantir/policy-bot/server/handler/eval_context_dismissal.go:75.47,77.4 1 0
github.com/palantir/policy-bot/server/handler/eval_context_dismissal.go:79.2,79.36 1 0
github.com/palantir/policy-bot/server/handler/eval_context_dismissal.go:79.36,80.38 1 0
github.com/palantir/policy-bot/server/handler/eval_context_dismissal.go:80.38,82.4 1 0
github.com/palantir/policy-bot/server/handler/eval_context_dismissal.go:85.2,85.18 1 0
github.com/palantir/policy-bot/server/handler/eval_context_dismissal.go:88.118,100.61 3 0
github.com/palantir/policy-bot/server/handler/eval_context_dismissal.go:100.61,102.3 1 0
github.com/palantir/policy-bot/server/handler/eval_context_dismissal.go:104.2,104.12 1 0
github.com/palantir/policy-bot/server/handler/eval_context_reviewers.go:31.121,34.71 2 0
github.com/palantir/policy-bot/server/handler/eval_context_reviewers.go:34.71,36.3 1 0
github.com/palantir/policy-bot/server/handler/eval_context_reviewers.go:41.2,42.37 2 0
github.com/palantir/policy-bot/server/handler/eval_context_reviewers.go:42.37,44.3 1 0
github.com/palantir/policy-bot/server/handler/eval_context_reviewers.go:46.2,46.59 1 0
github.com/palantir/policy-bot/server/handler/eval_context_reviewers.go:46.59,49.3 2 0
github.com/palantir/policy-bot/server/handler/eval_context_reviewers.go:51.2,52.12 2 0
github.com/palantir/policy-bot/server/handler/eval_context_reviewers.go:55.89,65.16 5 0
github.com/palantir/policy-bot/server/handler/eval_context_reviewers.go:65.16,67.3 1 0
github.com/palantir/policy-bot/server/handler/eval_context_reviewers.go:69.2,69.25 1 0
github.com/palantir/policy-bot/server/handler/eval_context_reviewers.go:69.25,72.3 2 0
github.com/palantir/policy-bot/server/handler/eval_context_reviewers.go:84.2,91.16 5 0
github.com/palantir/policy-bot/server/handler/eval_context_reviewers.go:91.16,93.3 1 0
github.com/palantir/policy-bot/server/handler/eval_context_reviewers.go:100.2,102.16 3 0
github.com/palantir/policy-bot/server/handler/eval_context_reviewers.go:102.16,104.3 1 0
github.com/palantir/policy-bot/server/handler/eval_context_reviewers.go:105.2,105.28 1 0
github.com/palantir/policy-bot/server/handler/eval_context_reviewers.go:105.28,106.20 1 0
github.com/palantir/policy-bot/server/handler/eval_context_reviewers.go:106.20,112.33 2 0
github.com/palantir/policy-bot/server/handler/eval_context_reviewers.go:112.33,117.5 1 0
github.com/palantir/policy-bot/server/handler/eval_context_reviewers.go:121.2,121.62 1 0
github.com/palantir/policy-bot/server/handler/eval_context_reviewers.go:121.62,134.3 7 0
github.com/palantir/policy-bot/server/handler/eval_context_reviewers.go:136.2,137.12 2 0
github.com/palantir/policy-bot/server/handler/eval_context_reviewers.go:140.80,143.22 2 0
github.com/palantir/policy-bot/server/handler/eval_context_reviewers.go:143.22,145.3 1 0
github.com/palantir/policy-bot/server/handler/eval_context_reviewers.go:145.8,147.3 1 0
github.com/palantir/policy-bot/server/handler/eval_context_reviewers.go:149.2,149.22 1 0
github.com/palantir/policy-bot/server/handler/eval_context_reviewers.go:149.22,151.3 1 0
github.com/palantir/policy-bot/server/handler/eval_context_reviewers.go:151.8,153.3 1 0
github.com/palantir/policy-bot/server/handler/eval_context_reviewers.go:156.2,161.12 5 0
github.com/palantir/policy-bot/server/handler/eval_options.go:75.48,76.24 1 0
github.com/palantir/policy-bot/server/handler/eval_options.go:76.24,78.3 1 0
github.com/palantir/policy-bot/server/handler/eval_options.go:79.2,79.30 1 0
github.com/palantir/policy-bot/server/handler/eval_options.go:79.30,82.3 2 0
github.com/palantir/policy-bot/server/handler/eval_options.go:83.2,83.30 1 0
github.com/palantir/policy-bot/server/handler/eval_options.go:83.30,86.3 2 0
github.com/palantir/policy-bot/server/handler/eval_options.go:90.2,90.58 1 0
github.com/palantir/policy-bot/server/handler/eval_options.go:90.58,94.3 3 0
github.com/palantir/policy-bot/server/handler/eval_options.go:96.2,96.32 1 0
github.com/palantir/policy-bot/server/handler/eval_options.go:96.32,98.3 1 0
github.com/palantir/policy-bot/server/handler/eval_options.go:101.65,111.2 9 0
github.com/palantir/policy-bot/server/handler/eval_options.go:113.63,114.45 1 0
github.com/palantir/policy-bot/server/handler/eval_options.go:114.45,117.3 2 0
github.com/palantir/policy-bot/server/handler/eval_options.go:118.2,118.14 1 0
github.com/palantir/policy-bot/server/handler/eval_options.go:121.66,122.45 1 0
github.com/palantir/policy-bot/server/handler/eval_options.go:122.45,125.3 2 0
github.com/palantir/policy-bot/server/handler/eval_options.go:126.2,126.14 1 0
github.com/palantir/policy-bot/server/handler/eval_options.go:129.59,130.45 1 0
github.com/palantir/policy-bot/server/handler/eval_options.go:130.45,131.49 1 0
github.com/palantir/policy-bot/server/handler/eval_options.go:131.49,134.4 2 0
github.com/palantir/policy-bot/server/handler/eval_options.go:136.2,136.14 1 0
github.com/palantir/policy-bot/server/handler/eval_options.go:139.63,140.45 1 0
github.com/palantir/policy-bot/server/handler/eval_options.go:140.45,141.49 1 0
github.com/palantir/policy-bot/server/handler/eval_options.go:141.49,144.4 2 0
github.com/palantir/policy-bot/server/handler/eval_options.go:146.2,146.14 1 0
github.com/palantir/policy-bot/server/handler/fetcher.go:43.144,46.6 3 0
github.com/palantir/policy-bot/server/handler/fetcher.go:46.6,53.17 3 0
github.com/palantir/policy-bot/server/handler/fetcher.go:53.17,54.49 1 0
github.com/palantir/policy-bot/server/handler/fetcher.go:54.49,57.5 2 0
github.com/palantir/policy-bot/server/handler/fetcher.go:59.4,60.19 2 0
github.com/palantir/policy-bot/server/handler/fetcher.go:60.19,63.5 2 0
github.com/palantir/policy-bot/server/handler/fetcher.go:65.4,65.11 1 0
github.com/palantir/policy-bot/server/handler/fetcher.go:66.22,68.14 2 0
github.com/palantir/policy-bot/server/handler/fetcher.go:69.29,71.13 2 0
github.com/palantir/policy-bot/server/handler/fetcher.go:75.3,75.22 1 0
github.com/palantir/policy-bot/server/handler/fetcher.go:75.22,77.4 1 0
github.com/palantir/policy-bot/server/handler/fetcher.go:79.3,80.62 2 0
github.com/palantir/policy-bot/server/handler/fetcher.go:80.62,82.4 1 0
github.com/palantir/policy-bot/server/handler/fetcher.go:82.9,84.4 1 0
github.com/palantir/policy-bot/server/handler/fetcher.go:85.3,85.12 1 0
github.com/palantir/policy-bot/server/handler/fetcher.go:89.36,91.28 2 0
github.com/palantir/policy-bot/server/handler/fetcher.go:91.28,92.36 1 0
github.com/palantir/policy-bot/server/handler/fetcher.go:93.97,94.15 1 0
github.com/palantir/policy-bot/server/handler/fetcher.go:97.2,97.14 1 0
github.com/palantir/policy-bot/server/handler/frontend.go:52.118,53.20 1 0
github.com/palantir/policy-bot/server/handler/frontend.go:53.20,55.3 1 0
github.com/palantir/policy-bot/server/handler/frontend.go:57.2,58.19 2 0
github.com/palantir/policy-bot/server/handler/frontend.go:58.19,60.3 1 0
github.com/palantir/policy-bot/server/handler/frontend.go:62.2,63.21 2 0
github.com/palantir/policy-bot/server/handler/frontend.go:63.21,65.3 1 0
github.com/palantir/policy-bot/server/handler/frontend.go:67.2,70.16 3 0
github.com/palantir/policy-bot/server/handler/frontend.go:70.16,72.3 1 0
github.com/palantir/policy-bot/server/handler/frontend.go:74.2,74.112 1 0
github.com/palantir/policy-bot/server/handler/frontend.go:74.112,76.36 1 0
github.com/palantir/policy-bot/server/handler/frontend.go:76.36,78.5 1 0
github.com/palantir/policy-bot/server/handler/frontend.go:79.41,81.5 1 0
github.com/palantir/policy-bot/server/handler/frontend.go:82.46,83.24 1 0
github.com/palantir/policy-bot/server/handler/frontend.go:83.24,85.6 1 0
github.com/palantir/policy-bot/server/handler/frontend.go:86.5,86.49 1 0
github.com/palantir/policy-bot/server/handler/frontend.go:88.38,89.38 1 0
github.com/palantir/policy-bot/server/handler/frontend.go:89.38,91.6 1 0
github.com/palantir/policy-bot/server/handler/frontend.go:92.5,92.44 1 0
github.com/palantir/policy-bot/server/handler/frontend.go:95.68,99.45 3 0
github.com/palantir/policy-bot/server/handler/frontend.go:99.45,101.6 1 0
github.com/palantir/policy-bot/server/handler/frontend.go:103.5,103.13 1 0
github.com/palantir/policy-bot/server/handler/frontend.go:105.59,107.5 1 0
github.com/palantir/policy-bot/server/handler/frontend.go:108.67,110.5 1 0
github.com/palantir/policy-bot/server/handler/frontend.go:111.70,113.5 1 0
github.com/palantir/policy-bot/server/handler/frontend.go:114.70,116.5 1 0
github.com/palantir/policy-bot/server/handler/frontend.go:117.60,119.5 1 0
github.com/palantir/policy-bot/server/handler/frontend.go:120.63,121.27 1 0
github.com/palantir/policy-bot/server/handler/frontend.go:121.27,123.6 1 0
github.com/palantir/policy-bot/server/handler/frontend.go:124.5,124.14 1 0
github.com/palantir/policy-bot/server/handler/frontend.go:130.58,132.16 2 0
github.com/palantir/policy-bot/server/handler/frontend.go:132.16,133.37 1 0
github.com/palantir/policy-bot/server/handler/frontend.go:133.37,135.4 1 0
github.com/palantir/policy-bot/server/handler/frontend.go:136.3,136.63 1 0
github.com/palantir/policy-bot/server/handler/frontend.go:139.2,140.53 2 0
github.com/palantir/policy-bot/server/handler/frontend.go:140.53,142.3 1 0
github.com/palantir/policy-bot/server/handler/frontend.go:143.2,143.22 1 0
github.com/palantir/policy-bot/server/handler/frontend.go:146.57,148.15 2 0
github.com/palantir/policy-bot/server/handler/frontend.go:148.15,150.3 1 0
github.com/palantir/policy-bot/server/handler/frontend.go:152.2,155.21 3 0
github.com/palantir/policy-bot/server/handler/frontend.go:155.21,157.3 1 0
github.com/palantir/policy-bot/server/handler/frontend.go:161.2,161.71 1 0
github.com/palantir/policy-bot/server/handler/frontend.go:161.71,164.3 2 0
github.com/palantir/policy-bot/server/handler/frontend.go:167.60,176.50 3 0
github.com/palantir/policy-bot/server/handler/frontend.go:176.50,178.3 1 0
github.com/palantir/policy-bot/server/handler/frontend.go:179.2,179.64 1 0
github.com/palantir/policy-bot/server/handler/frontend.go:179.64,181.3 1 0
github.com/palantir/policy-bot/server/handler/frontend.go:182.2,182.58 1 0
github.com/palantir/policy-bot/server/handler/frontend.go:182.58,184.3 1 0
github.com/palantir/policy-bot/server/handler/frontend.go:185.2,185.72 1 0
github.com/palantir/policy-bot/server/handler/frontend.go:185.72,187.58 2 0
github.com/palantir/policy-bot/server/handler/frontend.go:187.58,188.90 1 0
github.com/palantir/policy-bot/server/handler/frontend.go:188.90,190.5 1 0
github.com/palantir/policy-bot/server/handler/frontend.go:191.9,193.4 1 0
github.com/palantir/policy-bot/server/handler/frontend.go:195.2,195.20 1 0
github.com/palantir/policy-bot/server/handler/frontend.go:198.81,206.59 3 0
github.com/palantir/policy-bot/server/handler/frontend.go:206.59,208.3 1 0
github.com/palantir/policy-bot/server/handler/frontend.go:209.2,209.52 1 0
github.com/palantir/policy-bot/server/handler/frontend.go:209.52,213.3 2 0
github.com/palantir/policy-bot/server/handler/frontend.go:214.2,214.52 1 0
github.com/palantir/policy-bot/server/handler/frontend.go:214.52,216.3 1 0
github.com/palantir/policy-bot/server/handler/frontend.go:217.2,217.23 1 0
github.com/palantir/policy-bot/server/handler/frontend.go:220.53,223.29 3 0
github.com/palantir/policy-bot/server/handler/frontend.go:223.29,225.3 1 0
github.com/palantir/policy-bot/server/handler/frontend.go:226.2,226.20 1 0
github.com/palantir/policy-bot/server/handler/health.go:29.28,30.71 1 0
github.com/palantir/policy-bot/server/handler/health.go:30.71,32.3 1 0
github.com/palantir/policy-bot/server/handler/index.go:33.73,49.2 8 0
github.com/palantir/policy-bot/server/handler/installation.go:33.43,35.2 1 0
github.com/palantir/policy-bot/server/handler/installation.go:40.104,45.19 4 0
github.com/palantir/policy-bot/server/handler/installation.go:46.22,48.57 2 0
github.com/palantir/policy-bot/server/handler/installation.go:48.57,50.4 1 0
github.com/palantir/policy-bot/server/handler/installation.go:52.3,54.36 3 0
github.com/palantir/policy-bot/server/handler/installation.go:56.35,58.57 2 0
github.com/palantir/policy-bot/server/handler/installation.go:58.57,60.4 1 0
github.com/palantir/policy-bot/server/handler/installation.go:62.3,64.41 3 0
github.com/palantir/policy-bot/server/handler/installation.go:67.2,69.16 2 0
github.com/palantir/policy-bot/server/handler/installation.go:70.26,72.36 1 0
github.com/palantir/policy-bot/server/handler/installation.go:72.36,77.4 2 0
github.com/palantir/policy-bot/server/handler/installation.go:79.3,80.17 2 0
github.com/palantir/policy-bot/server/handler/installation.go:80.17,82.4 1 0
github.com/palantir/policy-bot/server/handler/installation.go:83.3,83.37 1 0
github.com/palantir/policy-bot/server/handler/installation.go:83.37,85.4 1 0
github.com/palantir/policy-bot/server/handler/installation.go:87.28,89.36 1 0
github.com/palantir/policy-bot/server/handler/installation.go:89.36,94.4 2 0
github.com/palantir/policy-bot/server/handler/installation.go:97.2,97.12 1 0
github.com/palantir/policy-bot/server/handler/installation.go:100.117,109.16 5 0
github.com/palantir/policy-bot/server/handler/installation.go:109.16,111.3 1 0
github.com/palantir/policy-bot/server/handler/installation.go:113.2,115.16 3 0
github.com/palantir/policy-bot/server/handler/installation.go:115.16,117.3 1 0
github.com/palantir/policy-bot/server/handler/installation.go:119.2,128.75 6 0
github.com/palantir/policy-bot/server/handler/installation.go:128.75,130.3 1 0
github.com/palantir/policy-bot/server/handler/installation_filter.go:57.162,66.28 2 1
github.com/palantir/policy-bot/server/handler/installation_filter.go:66.28,71.3 4 1
github.com/palantir/policy-bot/server/handler/installation_filter.go:73.2,73.10 1 1
github.com/palantir/policy-bot/server/handler/installation_filter.go:77.56,79.2 1 1
github.com/palantir/policy-bot/server/handler/installation_filter.go:82.117,87.16 3 1
github.com/palantir/policy-bot/server/handler/installation_filter.go:87.16,98.3 3 1
github.com/palantir/policy-bot/server/handler/installation_filter.go:101.2,104.14 2 1
github.com/palantir/policy-bot/server/handler/installation_filter.go:104.14,106.3 1 1
github.com/palantir/policy-bot/server/handler/installation_filter.go:110.2,110.48 1 1
github.com/palantir/policy-bot/server/handler/installation_filter.go:110.48,120.3 3 1
github.com/palantir/policy-bot/server/handler/installation_filter.go:125.2,133.62 3 1
github.com/palantir/policy-bot/server/handler/installation_filter.go:137.59,141.30 2 1
github.com/palantir/policy-bot/server/handler/installation_filter.go:141.30,142.87 1 1
github.com/palantir/policy-bot/server/handler/installation_filter.go:142.87,143.48 1 1
github.com/palantir/policy-bot/server/handler/installation_filter.go:143.48,145.5 1 1
github.com/palantir/policy-bot/server/handler/installation_filter.go:151.57,155.30 2 1
github.com/palantir/policy-bot/server/handler/installation_filter.go:155.30,156.85 1 1
github.com/palantir/policy-bot/server/handler/installation_filter.go:156.85,157.48 1 1
github.com/palantir/policy-bot/server/handler/installation_filter.go:157.48,159.5 1 1
github.com/palantir/policy-bot/server/handler/installation_filter.go:165.79,166.30 1 1
github.com/palantir/policy-bot/server/handler/installation_filter.go:166.30,168.3 1 1
github.com/palantir/policy-bot/server/handler/installation_filter.go:170.2,171.16 2 1
github.com/palantir/policy-bot/server/handler/installation_filter.go:172.26,173.48 1 1
github.com/palantir/policy-bot/server/handler/installation_filter.go:174.28,175.48 1 1
github.com/palantir/policy-bot/server/handler/installation_filter.go:176.10,177.9 1 0
github.com/palantir/policy-bot/server/handler/installation_filter.go:180.2,180.65 1 1
github.com/palantir/policy-bot/server/handler/installation_filter.go:180.65,181.47 1 1
github.com/palantir/policy-bot/server/handler/installation_filter.go:181.47,183.4 1 1
github.com/palantir/policy-bot/server/handler/installation_filter.go:188.75,190.2 1 1
github.com/palantir/policy-bot/server/handler/installation_filter.go:193.59,201.56 2 1
github.com/palantir/policy-bot/server/handler/installation_filter.go:201.56,203.3 1 1
github.com/palantir/policy-bot/server/handler/installation_filter.go:205.2,205.31 1 1
github.com/palantir/policy-bot/server/handler/installation_filter.go:205.31,207.3 1 1
github.com/palantir/policy-bot/server/handler/installation_filter.go:209.2,209.35 1 1
github.com/palantir/policy-bot/server/handler/installation_manager.go:72.46,73.11 1 1
github.com/palantir/policy-bot/server/handler/installation_manager.go:74.28,75.18 1 1
github.com/palantir/policy-bot/server/handler/installation_manager.go:76.26,77.16 1 1
github.com/palantir/policy-bot/server/handler/installation_manager.go:78.30,79.21 1 1
github.com/palantir/policy-bot/server/handler/installation_manager.go:80.10,81.19 1 1
github.com/palantir/policy-bot/server/handler/installation_manager.go:97.42,101.2 1 1
github.com/palantir/policy-bot/server/handler/installation_manager.go:104.40,108.18 3 1
github.com/palantir/policy-bot/server/handler/installation_manager.go:109.28,110.14 1 1
github.com/palantir/policy-bot/server/handler/installation_manager.go:112.26,114.61 1 1
github.com/palantir/policy-bot/server/handler/installation_manager.go:114.61,118.4 3 1
github.com/palantir/policy-bot/server/handler/installation_manager.go:119.3,119.15 1 1
github.com/palantir/policy-bot/server/handler/installation_manager.go:121.30,123.14 1 0
github.com/palantir/policy-bot/server/handler/installation_manager.go:125.10,126.15 1 0
github.com/palantir/policy-bot/server/handler/installation_manager.go:131.63,137.18 4 1
github.com/palantir/policy-bot/server/handler/installation_manager.go:138.28,140.29 1 1
github.com/palantir/policy-bot/server/handler/installation_manager.go:142.30,145.56 2 1
github.com/palantir/policy-bot/server/handler/installation_manager.go:145.56,150.4 3 1
github.com/palantir/policy-bot/server/handler/installation_manager.go:153.2,153.22 1 1
github.com/palantir/policy-bot/server/handler/installation_manager.go:157.63,164.18 5 1
github.com/palantir/policy-bot/server/handler/installation_manager.go:165.28,167.56 2 1
github.com/palantir/policy-bot/server/handler/installation_manager.go:167.56,170.4 1 1
github.com/palantir/policy-bot/server/handler/installation_manager.go:172.30,176.27 3 1
github.com/palantir/policy-bot/server/handler/installation_manager.go:179.2,179.22 1 1
github.com/palantir/policy-bot/server/handler/installation_manager.go:183.58,187.2 3 1
github.com/palantir/policy-bot/server/handler/installation_manager.go:211.24,218.2 1 1
github.com/palantir/policy-bot/server/handler/installation_manager.go:231.136,235.31 2 1
github.com/palantir/policy-bot/server/handler/installation_manager.go:235.31,243.3 3 1
github.com/palantir/policy-bot/server/handler/installation_manager.go:246.2,246.62 1 1
github.com/palantir/policy-bot/server/handler/installation_manager.go:246.62,248.3 1 1
github.com/palantir/policy-bot/server/handler/installation_manager.go:251.2,252.16 2 1
github.com/palantir/policy-bot/server/handler/installation_manager.go:252.16,263.28 3 1
github.com/palantir/policy-bot/server/handler/installation_manager.go:263.28,265.98 2 1
github.com/palantir/policy-bot/server/handler/installation_manager.go:265.98,274.5 3 1
github.com/palantir/policy-bot/server/handler/installation_manager.go:277.3,277.127 1 1
github.com/palantir/policy-bot/server/handler/installation_manager.go:280.2,284.16 3 1
github.com/palantir/policy-bot/server/handler/installation_manager.go:284.16,295.28 3 1
github.com/palantir/policy-bot/server/handler/installation_manager.go:295.28,297.98 2 0
github.com/palantir/policy-bot/server/handler/installation_manager.go:297.98,306.5 3 0
github.com/palantir/policy-bot/server/handler/installation_manager.go:309.3,309.130 1 1
github.com/palantir/policy-bot/server/handler/installation_manager.go:312.2,316.100 3 1
github.com/palantir/policy-bot/server/handler/installation_manager.go:316.100,324.3 3 1
github.com/palantir/policy-bot/server/handler/installation_manager.go:326.2,329.8 1 1
github.com/palantir/policy-bot/server/handler/installation_manager.go:334.119,339.14 3 1
github.com/palantir/policy-bot/server/handler/installation_manager.go:339.14,340.17 1 1
github.com/palantir/policy-bot/server/handler/installation_manager.go:341.27,346.15 2 1
github.com/palantir/policy-bot/server/handler/installation_manager.go:347.29,352.16 2 1
github.com/palantir/policy-bot/server/handler/installation_manager.go:358.2,362.14 2 1
github.com/palantir/policy-bot/server/handler/installation_manager.go:367.134,371.58 3 1
github.com/palantir/policy-bot/server/handler/installation_manager.go:371.58,374.17 2 1
github.com/palantir/policy-bot/server/handler/installation_manager.go:374.17,376.19 1 1
github.com/palantir/policy-bot/server/handler/installation_manager.go:376.19,384.5 2 1
github.com/palantir/policy-bot/server/handler/installation_manager.go:385.4,385.22 1 1
github.com/palantir/policy-bot/server/handler/installation_manager.go:388.3,391.29 2 1
github.com/palantir/policy-bot/server/handler/installation_manager.go:391.29,399.4 2 1
github.com/palantir/policy-bot/server/handler/installation_manager.go:402.3,402.35 1 1
github.com/palantir/policy-bot/server/handler/installation_manager.go:402.35,414.11 3 1
github.com/palantir/policy-bot/server/handler/installation_manager.go:415.22,416.26 1 1
github.com/palantir/policy-bot/server/handler/installation_manager.go:417.31,417.31 0 1
github.com/palantir/policy-bot/server/handler/installation_manager.go:424.2,432.101 3 1
github.com/palantir/policy-bot/server/handler/installation_manager.go:437.136,441.58 3 1
github.com/palantir/policy-bot/server/handler/installation_manager.go:441.58,444.17 2 1
github.com/palantir/policy-bot/server/handler/installation_manager.go:444.17,446.19 1 1
github.com/palantir/policy-bot/server/handler/installation_manager.go:446.19,454.5 2 1
github.com/palantir/policy-bot/server/handler/installation_manager.go:455.4,455.22 1 1
github.com/palantir/policy-bot/server/handler/installation_manager.go:458.3,461.29 2 1
github.com/palantir/policy-bot/server/handler/installation_manager.go:461.29,469.4 2 1
github.com/palantir/policy-bot/server/handler/installation_manager.go:472.3,472.35 1 1
github.com/palantir/policy-bot/server/handler/installation_manager.go:472.35,484.11 3 1
github.com/palantir/policy-bot/server/handler/installation_manager.go:485.22,486.26 1 0
github.com/palantir/policy-bot/server/handler/installation_manager.go:487.31,487.31 0 1
github.com/palantir/policy-bot/server/handler/installation_manager.go:494.2,502.101 3 0
github.com/palantir/policy-bot/server/handler/installation_manager.go:507.62,508.30 1 1
github.com/palantir/policy-bot/server/handler/installation_manager.go:508.30,510.3 1 1
github.com/palantir/policy-bot/server/handler/installation_manager.go:512.2,513.20 2 1
github.com/palantir/policy-bot/server/handler/installation_manager.go:513.20,514.53 1 1
github.com/palantir/policy-bot/server/handler/installation_manager.go:514.53,516.4 1 1
github.com/palantir/policy-bot/server/handler/installation_manager.go:517.8,520.3 1 1
github.com/palantir/policy-bot/server/handler/installation_manager.go:526.59,527.30 1 1
github.com/palantir/policy-bot/server/handler/installation_manager.go:527.30,529.3 1 0
github.com/palantir/policy-bot/server/handler/installation_manager.go:531.2,535.18 4 1
github.com/palantir/policy-bot/server/handler/installation_manager.go:535.18,536.54 1 1
github.com/palantir/policy-bot/server/handler/installation_manager.go:536.54,538.4 1 1
github.com/palantir/policy-bot/server/handler/installation_manager.go:539.8,543.3 2 1
github.com/palantir/policy-bot/server/handler/installation_manager.go:549.39,550.16 1 1
github.com/palantir/policy-bot/server/handler/installation_manager.go:550.16,552.3 1 1
github.com/palantir/policy-bot/server/handler/installation_manager.go:554.2,558.29 3 1
github.com/palantir/policy-bot/server/handler/installation_manager.go:558.29,560.3 1 1
github.com/palantir/policy-bot/server/handler/installation_manager.go:563.2,564.29 2 1
github.com/palantir/policy-bot/server/handler/installation_manager.go:564.29,566.3 1 0
github.com/palantir/policy-bot/server/handler/installation_manager.go:569.2,583.44 2 1
github.com/palantir/policy-bot/server/handler/installation_manager.go:583.44,584.74 1 1
github.com/palantir/policy-bot/server/handler/installation_manager.go:584.74,586.4 1 1
github.com/palantir/policy-bot/server/handler/installation_manager.go:590.2,590.37 1 1
github.com/palantir/policy-bot/server/handler/installation_manager.go:590.37,592.3 1 1
github.com/palantir/policy-bot/server/handler/installation_manager.go:595.2,595.72 1 1
github.com/palantir/policy-bot/server/handler/installation_manager.go:595.72,597.3 1 1
github.com/palantir/policy-bot/server/handler/installation_manager.go:600.2,600.14 1 1
github.com/palantir/policy-bot/server/handler/installation_manager.go:606.50,611.27 2 1
github.com/palantir/policy-bot/server/handler/installation_manager.go:611.27,613.3 1 1
github.com/palantir/policy-bot/server/handler/installation_manager.go:616.2,619.14 3 1
github.com/palantir/policy-bot/server/handler/installation_registry.go:79.128,88.28 2 1
github.com/palantir/policy-bot/server/handler/installation_registry.go:88.28,95.3 6 1
github.com/palantir/policy-bot/server/handler/installation_registry.go:97.2,97.10 1 1
github.com/palantir/policy-bot/server/handler/installation_registry.go:102.87,107.13 4 1
github.com/palantir/policy-bot/server/handler/installation_registry.go:107.13,113.3 5 1
github.com/palantir/policy-bot/server/handler/installation_registry.go:116.2,116.39 1 1
github.com/palantir/policy-bot/server/handler/installation_registry.go:116.39,125.3 7 1
github.com/palantir/policy-bot/server/handler/installation_registry.go:128.2,132.27 5 1
github.com/palantir/policy-bot/server/handler/installation_registry.go:136.68,146.2 4 1
github.com/palantir/policy-bot/server/handler/installation_registry.go:149.71,159.2 4 1
github.com/palantir/policy-bot/server/handler/installation_registry.go:163.61,169.2 4 1
github.com/palantir/policy-bot/server/handler/installation_registry.go:172.48,179.30 4 1
github.com/palantir/policy-bot/server/handler/installation_registry.go:179.30,180.83 1 1
github.com/palantir/policy-bot/server/handler/installation_registry.go:180.83,181.48 1 1
github.com/palantir/policy-bot/server/handler/installation_registry.go:181.48,183.5 1 1
github.com/palantir/policy-bot/server/handler/installation_registry.go:189.86,194.2 3 1
github.com/palantir/policy-bot/server/handler/installation_registry.go:197.51,202.2 3 1
github.com/palantir/policy-bot/server/handler/installation_registry.go:205.40,211.2 4 1
github.com/palantir/policy-bot/server/handler/installation_registry.go:215.49,216.30 1 1
github.com/palantir/policy-bot/server/handler/installation_registry.go:216.30,217.84 1 1
github.com/palantir/policy-bot/server/handler/installation_registry.go:217.84,218.48 1 1
github.com/palantir/policy-bot/server/handler/installation_registry.go:218.48,220.5 1 1
github.com/palantir/policy-bot/server/handler/installation_registry.go:227.50,228.30 1 1
github.com/palantir/policy-bot/server/handler/installation_registry.go:228.30,229.86 1 1
github.com/palantir/policy-bot/server/handler/installation_registry.go:229.86,230.48 1 1
github.com/palantir/policy-bot/server/handler/installation_registry.go:230.48,232.5 1 1
github.com/palantir/policy-bot/server/handler/installation_registry.go:239.52,240.30 1 1
github.com/palantir/policy-bot/server/handler/installation_registry.go:240.30,242.3 1 1
github.com/palantir/policy-bot/server/handler/installation_registry.go:245.2,246.32 2 1
github.com/palantir/policy-bot/server/handler/installation_registry.go:246.32,247.23 1 1
github.com/palantir/policy-bot/server/handler/installation_registry.go:248.27,249.19 1 1
github.com/palantir/policy-bot/server/handler/installation_registry.go:250.29,251.19 1 1
github.com/palantir/policy-bot/server/handler/installation_registry.go:256.2,256.79 1 1
github.com/palantir/policy-bot/server/handler/installation_registry.go:256.79,257.43 1 1
github.com/palantir/policy-bot/server/handler/installation_registry.go:257.43,259.4 1 1
github.com/palantir/policy-bot/server/handler/installation_registry.go:263.2,263.83 1 1
github.com/palantir/policy-bot/server/handler/installation_registry.go:263.83,264.43 1 1
github.com/palantir/policy-bot/server/handler/installation_registry.go:264.43,266.4 1 1
github.com/palantir/policy-bot/server/handler/installation_registry.go:270.2,270.83 1 1
github.com/palantir/policy-bot/server/handler/installation_registry.go:270.83,271.43 1 1
github.com/palantir/policy-bot/server/handler/installation_registry.go:271.43,273.4 1 1
github.com/palantir/policy-bot/server/handler/issue_comment.go:35.43,35.79 1 0
github.com/palantir/policy-bot/server/handler/issue_comment.go:39.104,41.56 2 0
github.com/palantir/policy-bot/server/handler/issue_comment.go:41.56,43.3 1 0
github.com/palantir/policy-bot/server/handler/issue_comment.go:45.2,50.39 5 0
github.com/palantir/policy-bot/server/handler/issue_comment.go:50.39,53.3 2 0
github.com/palantir/policy-bot/server/handler/issue_comment.go:55.2,56.16 2 0
github.com/palantir/policy-bot/server/handler/issue_comment.go:56.16,58.3 1 0
github.com/palantir/policy-bot/server/handler/issue_comment.go:60.2,61.16 2 0
github.com/palantir/policy-bot/server/handler/issue_comment.go:61.16,63.3 1 0
github.com/palantir/policy-bot/server/handler/issue_comment.go:65.2,73.16 3 0
github.com/palantir/policy-bot/server/handler/issue_comment.go:73.16,75.3 1 0
github.com/palantir/policy-bot/server/handler/issue_comment.go:77.2,77.9 1 0
github.com/palantir/policy-bot/server/handler/issue_comment.go:78.75,79.114 1 0
github.com/palantir/policy-bot/server/handler/issue_comment.go:80.36,82.15 2 0
github.com/palantir/policy-bot/server/handler/issue_comment.go:82.15,84.4 1 0
github.com/palantir/policy-bot/server/handler/issue_comment.go:87.2,88.16 2 0
github.com/palantir/policy-bot/server/handler/issue_comment.go:88.16,90.3 1 0
github.com/palantir/policy-bot/server/handler/issue_comment.go:91.2,91.22 1 0
github.com/palantir/policy-bot/server/handler/issue_comment.go:91.22,93.3 1 0
github.com/palantir/policy-bot/server/handler/issue_comment.go:95.2,95.54 1 0
github.com/palantir/policy-bot/server/handler/issue_comment.go:95.54,98.3 2 0
github.com/palantir/policy-bot/server/handler/issue_comment.go:100.2,101.16 2 0
github.com/palantir/policy-bot/server/handler/issue_comment.go:101.16,103.3 1 0
github.com/palantir/policy-bot/server/handler/issue_comment.go:105.2,106.12 2 0
github.com/palantir/policy-bot/server/handler/issue_comment.go:109.126,112.36 2 0
github.com/palantir/policy-bot/server/handler/issue_comment.go:112.36,114.3 1 0
github.com/palantir/policy-bot/server/handler/issue_comment.go:116.2,118.34 3 0
github.com/palantir/policy-bot/server/handler/issue_comment.go:118.34,120.3 1 0
github.com/palantir/policy-bot/server/handler/issue_comment.go:122.2,122.53 1 0
github.com/palantir/policy-bot/server/handler/issue_comment.go:122.53,128.3 4 0
github.com/palantir/policy-bot/server/handler/issue_comment.go:130.2,131.13 2 0
github.com/palantir/policy-bot/server/handler/issue_comment.go:134.100,136.27 2 0
github.com/palantir/policy-bot/server/handler/issue_comment.go:137.16,139.56 2 0
github.com/palantir/policy-bot/server/handler/issue_comment.go:140.10,142.22 2 0
github.com/palantir/policy-bot/server/handler/issue_comment.go:145.2,146.44 2 0
github.com/palantir/policy-bot/server/handler/issue_comment.go:146.44,148.3 1 0
github.com/palantir/policy-bot/server/handler/issue_comment.go:149.2,149.66 1 0
github.com/palantir/policy-bot/server/handler/issue_comment.go:149.66,152.3 2 0
github.com/palantir/policy-bot/server/handler/issue_comment.go:154.2,154.28 1 0
github.com/palantir/policy-bot/server/handler/issue_comment.go:154.28,155.89 1 0
github.com/palantir/policy-bot/server/handler/issue_comment.go:155.89,157.4 1 0
github.com/palantir/policy-bot/server/handler/issue_comment.go:159.2,159.14 1 0
github.com/palantir/policy-bot/server/handler/login.go:35.93,36.75 1 0
github.com/palantir/policy-bot/server/handler/login.go:36.75,42.17 3 0
github.com/palantir/policy-bot/server/handler/login.go:42.17,45.4 2 0
github.com/palantir/policy-bot/server/handler/login.go:46.3,49.17 3 0
github.com/palantir/policy-bot/server/handler/login.go:49.17,52.4 2 0
github.com/palantir/policy-bot/server/handler/login.go:54.3,55.80 2 0
github.com/palantir/policy-bot/server/handler/login.go:55.80,58.4 2 0
github.com/palantir/policy-bot/server/handler/login.go:61.3,62.17 2 0
github.com/palantir/policy-bot/server/handler/login.go:62.17,65.4 2 0
github.com/palantir/policy-bot/server/handler/login.go:66.3,66.19 1 0
github.com/palantir/policy-bot/server/handler/login.go:66.19,68.4 1 0
github.com/palantir/policy-bot/server/handler/login.go:70.3,70.48 1 0
github.com/palantir/policy-bot/server/handler/login.go:74.91,75.46 1 0
github.com/palantir/policy-bot/server/handler/login.go:75.46,76.72 1 0
github.com/palantir/policy-bot/server/handler/login.go:76.72,80.18 3 0
github.com/palantir/policy-bot/server/handler/login.go:80.18,83.5 2 0
github.com/palantir/policy-bot/server/handler/login.go:85.4,85.18 1 0
github.com/palantir/policy-bot/server/handler/login.go:85.18,86.81 1 0
github.com/palantir/policy-bot/server/handler/login.go:86.81,89.6 2 0
github.com/palantir/policy-bot/server/handler/login.go:91.5,92.11 2 0
github.com/palantir/policy-bot/server/handler/login.go:95.4,95.24 1 0
github.com/palantir/policy-bot/server/handler/merge_group.go:37.49,38.34 1 0
github.com/palantir/policy-bot/server/handler/merge_group.go:38.34,40.3 1 0
github.com/palantir/policy-bot/server/handler/merge_group.go:41.2,41.19 1 0
github.com/palantir/policy-bot/server/handler/merge_group.go:44.49,45.34 1 0
github.com/palantir/policy-bot/server/handler/merge_group.go:45.34,47.3 1 0
github.com/palantir/policy-bot/server/handler/merge_group.go:48.2,48.19 1 0
github.com/palantir/policy-bot/server/handler/merge_group.go:61.46,62.33 1 0
github.com/palantir/policy-bot/server/handler/merge_group.go:62.33,64.3 1 0
github.com/palantir/policy-bot/server/handler/merge_group.go:65.2,65.18 1 0
github.com/palantir/policy-bot/server/handler/merge_group.go:68.62,69.14 1 0
github.com/palantir/policy-bot/server/handler/merge_group.go:69.14,71.3 1 0
github.com/palantir/policy-bot/server/handler/merge_group.go:72.2,72.21 1 0
github.com/palantir/policy-bot/server/handler/merge_group.go:75.56,76.14 1 0
github.com/palantir/policy-bot/server/handler/merge_group.go:76.14,78.3 1 0
github.com/palantir/policy-bot/server/handler/merge_group.go:79.2,79.15 1 0
github.com/palantir/policy-bot/server/handler/merge_group.go:82.66,83.14 1 0
github.com/palantir/policy-bot/server/handler/merge_group.go:83.14,85.3 1 0
github.com/palantir/policy-bot/server/handler/merge_group.go:86.2,86.23 1 0
github.com/palantir/policy-bot/server/handler/merge_group.go:93.41,93.75 1 0
github.com/palantir/policy-bot/server/handler/merge_group.go:97.102,100.56 2 0
github.com/palantir/policy-bot/server/handler/merge_group.go:100.56,102.3 1 0
github.com/palantir/policy-bot/server/handler/merge_group.go:104.2,104.45 1 0
github.com/palantir/policy-bot/server/handler/merge_group.go:104.45,106.3 1 0
github.com/palantir/policy-bot/server/handler/merge_group.go:108.2,111.16 4 0
github.com/palantir/policy-bot/server/handler/merge_group.go:111.16,113.3 1 0
github.com/palantir/policy-bot/server/handler/merge_group.go:115.2,124.33 7 0
github.com/palantir/policy-bot/server/handler/merge_group.go:124.33,126.3 1 0
github.com/palantir/policy-bot/server/handler/merge_group.go:128.2,137.84 5 0
github.com/palantir/policy-bot/server/handler/merge_group.go:137.84,139.3 1 0
github.com/palantir/policy-bot/server/handler/merge_group.go:141.2,141.41 1 0
github.com/palantir/policy-bot/server/handler/merge_group.go:141.41,143.85 2 0
github.com/palantir/policy-bot/server/handler/merge_group.go:143.85,145.4 1 0
github.com/palantir/policy-bot/server/handler/merge_group.go:148.2,148.12 1 0
github.com/palantir/policy-bot/server/handler/metrics.go:24.76,26.71 2 0
github.com/palantir/policy-bot/server/handler/metrics.go:26.71,28.3 1 0
github.com/palantir/policy-bot/server/handler/pull_request.go:32.42,32.77 1 0
github.com/palantir/policy-bot/server/handler/pull_request.go:36.103,38.56 2 0
github.com/palantir/policy-bot/server/handler/pull_request.go:38.56,40.3 1 0
github.com/palantir/policy-bot/server/handler/pull_request.go:42.2,46.27 4 0
github.com/palantir/policy-bot/server/handler/pull_request.go:47.48,48.55 1 0
github.com/palantir/policy-bot/server/handler/pull_request.go:49.21,50.27 1 0
github.com/palantir/policy-bot/server/handler/pull_request.go:51.16,52.32 1 0
github.com/palantir/policy-bot/server/handler/pull_request.go:53.30,54.26 1 0
github.com/palantir/policy-bot/server/handler/pull_request.go:55.10,56.13 1 0
github.com/palantir/policy-bot/server/handler/pull_request.go:59.2,64.4 1 0
github.com/palantir/policy-bot/server/handler/pull_request_review.go:33.48,33.90 1 0
github.com/palantir/policy-bot/server/handler/pull_request_review.go:37.109,39.56 2 0
github.com/palantir/policy-bot/server/handler/pull_request_review.go:39.56,41.3 1 0
github.com/palantir/policy-bot/server/handler/pull_request_review.go:44.2,44.55 1 0
github.com/palantir/policy-bot/server/handler/pull_request_review.go:44.55,46.3 1 0
github.com/palantir/policy-bot/server/handler/pull_request_review.go:48.2,62.16 8 0
github.com/palantir/policy-bot/server/handler/pull_request_review.go:62.16,64.3 1 0
github.com/palantir/policy-bot/server/handler/pull_request_review.go:66.2,67.16 2 0
github.com/palantir/policy-bot/server/handler/pull_request_review.go:67.16,69.3 1 0
github.com/palantir/policy-bot/server/handler/pull_request_review.go:70.2,70.22 1 0
github.com/palantir/policy-bot/server/handler/pull_request_review.go:70.22,72.3 1 0
github.com/palantir/policy-bot/server/handler/pull_request_review.go:74.2,75.60 2 0
github.com/palantir/policy-bot/server/handler/pull_request_review.go:75.60,78.3 2 0
github.com/palantir/policy-bot/server/handler/pull_request_review.go:80.2,81.16 2 0
github.com/palantir/policy-bot/server/handler/pull_request_review.go:81.16,83.3 1 0
github.com/palantir/policy-bot/server/handler/pull_request_review.go:85.2,86.12 2 0
github.com/palantir/policy-bot/server/handler/pull_request_review.go:89.103,95.44 3 0
github.com/palantir/policy-bot/server/handler/pull_request_review.go:95.44,97.3 1 0
github.com/palantir/policy-bot/server/handler/pull_request_review.go:98.2,98.66 1 0
github.com/palantir/policy-bot/server/handler/pull_request_review.go:98.66,101.3 2 0
github.com/palantir/policy-bot/server/handler/pull_request_review.go:103.2,103.28 1 0
github.com/palantir/policy-bot/server/handler/pull_request_review.go:103.28,104.27 1 0
github.com/palantir/policy-bot/server/handler/pull_request_review.go:104.27,106.4 1 0
github.com/palantir/policy-bot/server/handler/pull_request_review.go:108.2,108.14 1 0
github.com/palantir/policy-bot/server/handler/simulate.go:51.76,54.17 3 0
github.com/palantir/policy-bot/server/handler/simulate.go:54.17,56.3 1 0
github.com/palantir/policy-bot/server/handler/simulate.go:58.2,59.16 2 0
github.com/palantir/policy-bot/server/handler/simulate.go:59.16,61.3 1 0
github.com/palantir/policy-bot/server/handler/simulate.go:63.2,64.9 2 0
github.com/palantir/policy-bot/server/handler/simulate.go:64.9,66.3 1 0
github.com/palantir/policy-bot/server/handler/simulate.go:68.2,69.16 2 0
github.com/palantir/policy-bot/server/handler/simulate.go:69.16,70.22 1 0
github.com/palantir/policy-bot/server/handler/simulate.go:70.22,72.4 1 0
github.com/palantir/policy-bot/server/handler/simulate.go:74.3,74.56 1 0
github.com/palantir/policy-bot/server/handler/simulate.go:77.2,78.16 2 0
github.com/palantir/policy-bot/server/handler/simulate.go:78.16,80.3 1 0
github.com/palantir/policy-bot/server/handler/simulate.go:82.2,84.16 3 0
github.com/palantir/policy-bot/server/handler/simulate.go:84.16,86.3 1 0
github.com/palantir/policy-bot/server/handler/simulate.go:88.2,95.16 2 0
github.com/palantir/policy-bot/server/handler/simulate.go:95.16,97.3 1 0
github.com/palantir/policy-bot/server/handler/simulate.go:99.2,101.12 3 0
github.com/palantir/policy-bot/server/handler/simulate.go:104.39,106.57 2 0
github.com/palantir/policy-bot/server/handler/simulate.go:106.57,108.3 1 0
github.com/palantir/policy-bot/server/handler/simulate.go:110.2,110.11 1 0
github.com/palantir/policy-bot/server/handler/simulate.go:113.166,115.9 2 0
github.com/palantir/policy-bot/server/handler/simulate.go:116.18,117.66 1 0
github.com/palantir/policy-bot/server/handler/simulate.go:118.31,119.74 1 0
github.com/palantir/policy-bot/server/handler/simulate.go:120.32,121.71 1 0
github.com/palantir/policy-bot/server/handler/simulate.go:122.28,124.18 1 0
github.com/palantir/policy-bot/server/handler/simulate.go:127.2,132.16 3 0
github.com/palantir/policy-bot/server/handler/simulate.go:132.16,134.3 1 0
github.com/palantir/policy-bot/server/handler/simulate.go:136.2,137.21 2 0
github.com/palantir/policy-bot/server/handler/simulate.go:140.172,142.16 2 0
github.com/palantir/policy-bot/server/handler/simulate.go:142.16,144.3 1 0
github.com/palantir/policy-bot/server/handler/simulate.go:146.2,147.16 2 0
github.com/palantir/policy-bot/server/handler/simulate.go:147.16,149.3 1 0
github.com/palantir/policy-bot/server/handler/simulate.go:151.2,153.16 3 0
github.com/palantir/policy-bot/server/handler/simulate.go:153.16,155.3 1 0
github.com/palantir/policy-bot/server/handler/simulate.go:157.2,162.44 6 0
github.com/palantir/policy-bot/server/handler/simulate.go:165.71,167.19 2 0
github.com/palantir/policy-bot/server/handler/simulate.go:167.19,168.26 1 0
github.com/palantir/policy-bot/server/handler/simulate.go:168.26,170.4 1 0
github.com/palantir/policy-bot/server/handler/simulate.go:172.3,175.43 4 0
github.com/palantir/policy-bot/server/handler/simulate.go:178.2,178.18 1 0
github.com/palantir/policy-bot/server/handler/simulate.go:181.75,184.2 2 0
github.com/palantir/policy-bot/server/handler/status.go:34.37,34.66 1 0
github.com/palantir/policy-bot/server/handler/status.go:38.98,40.56 2 0
github.com/palantir/policy-bot/server/handler/status.go:40.56,42.3 1 0
github.com/palantir/policy-bot/server/handler/status.go:44.2,45.95 2 0
github.com/palantir/policy-bot/server/handler/status.go:45.95,47.3 1 0
github.com/palantir/policy-bot/server/handler/status.go:49.2,49.35 1 0
github.com/palantir/policy-bot/server/handler/status.go:49.35,51.3 1 0
github.com/palantir/policy-bot/server/handler/status.go:53.2,53.12 1 0
github.com/palantir/policy-bot/server/handler/status.go:56.82,64.16 7 0
github.com/palantir/policy-bot/server/handler/status.go:64.16,66.3 1 0
github.com/palantir/policy-bot/server/handler/status.go:68.2,71.44 3 0
github.com/palantir/policy-bot/server/handler/status.go:71.44,73.3 1 0
github.com/palantir/policy-bot/server/handler/status.go:75.2,100.12 5 0
github.com/palantir/policy-bot/server/handler/status.go:103.85,111.16 7 0
github.com/palantir/policy-bot/server/handler/status.go:111.16,113.3 1 0
github.com/palantir/policy-bot/server/handler/status.go:115.2,127.16 3 0
github.com/palantir/policy-bot/server/handler/status.go:127.16,129.3 1 0
github.com/palantir/policy-bot/server/handler/status.go:130.2,133.25 3 0
github.com/palantir/policy-bot/server/handler/status.go:133.25,134.30 1 0
github.com/palantir/policy-bot/server/handler/status.go:134.30,141.18 2 0
github.com/palantir/policy-bot/server/handler/status.go:141.18,146.5 2 0
github.com/palantir/policy-bot/server/handler/status.go:149.2,149.29 1 0
github.com/palantir/policy-bot/server/handler/status.go:149.29,151.3 1 0
github.com/palantir/policy-bot/server/handler/status.go:152.2,152.81 1 0
github.com/palantir/policy-bot/server/handler/validate.go:35.30,36.71 1 0
github.com/palantir/policy-bot/server/handler/validate.go:36.71,44.17 6 0
github.com/palantir/policy-bot/server/handler/validate.go:44.17,48.4 3 0
github.com/palantir/policy-bot/server/handler/validate.go:50.3,51.17 2 0
github.com/palantir/policy-bot/server/handler/validate.go:51.17,55.4 3 0
github.com/palantir/policy-bot/server/handler/validate.go:57.3,58.37 2 0
github.com/palantir/policy-bot/server/handler/validate.go:58.37,62.4 3 0
github.com/palantir/policy-bot/server/handler/validate.go:64.3,66.9 3 0
github.com/palantir/policy-bot/server/handler/validate.go:70.61,72.75 2 0
github.com/palantir/policy-bot/server/handler/validate.go:72.75,74.3 1 0
github.com/palantir/policy-bot/server/handler/validate.go:76.2,76.66 1 0
github.com/palantir/policy-bot/server/handler/validate.go:76.66,78.3 1 0
github.com/palantir/policy-bot/server/handler/validate.go:80.2,80.18 1 0
github.com/palantir/policy-bot/server/handler/workflow_run.go:32.42,32.77 1 0
github.com/palantir/policy-bot/server/handler/workflow_run.go:34.103,38.56 2 0
github.com/palantir/policy-bot/server/handler/workflow_run.go:38.56,40.3 1 0
github.com/palantir/policy-bot/server/handler/workflow_run.go:42.2,42.38 1 0
github.com/palantir/policy-bot/server/handler/workflow_run.go:42.38,44.3 1 0
github.com/palantir/policy-bot/server/handler/workflow_run.go:46.2,56.57 9 0
github.com/palantir/policy-bot/server/handler/workflow_run.go:56.57,64.35 2 0
github.com/palantir/policy-bot/server/handler/workflow_run.go:64.35,66.12 2 0
github.com/palantir/policy-bot/server/handler/workflow_run.go:69.3,74.18 1 0
github.com/palantir/policy-bot/server/handler/workflow_run.go:74.18,77.4 2 0
github.com/palantir/policy-bot/server/handler/workflow_run.go:79.2,79.29 1 0
github.com/palantir/policy-bot/server/handler/workflow_run.go:79.29,81.3 1 0
github.com/palantir/policy-bot/server/handler/workflow_run.go:83.2,83.81 1 0
